data/train_pos_100/w_0.jpg 1 0 0 100 100
data/train_pos_100/w_1.jpg 1 0 0 100 100
data/train_pos_100/w_10.jpg 1 0 0 100 100
data/train_pos_100/w_100.jpg 1 0 0 100 100
data/train_pos_100/w_101.jpg 1 0 0 100 100
data/train_pos_100/w_102.jpg 1 0 0 100 100
data/train_pos_100/w_103.jpg 1 0 0 100 100
data/train_pos_100/w_1035.jpg 1 0 0 100 100
data/train_pos_100/w_104.jpg 1 0 0 100 100
data/train_pos_100/w_1044.jpg 1 0 0 100 100
data/train_pos_100/w_105.jpg 1 0 0 100 100
data/train_pos_100/w_106.jpg 1 0 0 100 100
data/train_pos_100/w_107.jpg 1 0 0 100 100
data/train_pos_100/w_108.jpg 1 0 0 100 100
data/train_pos_100/w_1081.jpg 1 0 0 100 100
data/train_pos_100/w_109.jpg 1 0 0 100 100
data/train_pos_100/w_11.jpg 1 0 0 100 100
data/train_pos_100/w_110.jpg 1 0 0 100 100
data/train_pos_100/w_1104.jpg 1 0 0 100 100
data/train_pos_100/w_1106.jpg 1 0 0 100 100
data/train_pos_100/w_111.jpg 1 0 0 100 100
data/train_pos_100/w_112.jpg 1 0 0 100 100
data/train_pos_100/w_1124.jpg 1 0 0 100 100
data/train_pos_100/w_113.jpg 1 0 0 100 100
data/train_pos_100/w_1139.jpg 1 0 0 100 100
data/train_pos_100/w_114.jpg 1 0 0 100 100
data/train_pos_100/w_1145.jpg 1 0 0 100 100
data/train_pos_100/w_1149.jpg 1 0 0 100 100
data/train_pos_100/w_115.jpg 1 0 0 100 100
data/train_pos_100/w_1151.jpg 1 0 0 100 100
data/train_pos_100/w_1157.jpg 1 0 0 100 100
data/train_pos_100/w_116.jpg 1 0 0 100 100
data/train_pos_100/w_117.jpg 1 0 0 100 100
data/train_pos_100/w_1170.jpg 1 0 0 100 100
data/train_pos_100/w_118.jpg 1 0 0 100 100
data/train_pos_100/w_1185.jpg 1 0 0 100 100
data/train_pos_100/w_119.jpg 1 0 0 100 100
data/train_pos_100/w_1194.jpg 1 0 0 100 100
data/train_pos_100/w_12.jpg 1 0 0 100 100
data/train_pos_100/w_120.jpg 1 0 0 100 100
data/train_pos_100/w_1200.jpg 1 0 0 100 100
data/train_pos_100/w_121.jpg 1 0 0 100 100
data/train_pos_100/w_1221.jpg 1 0 0 100 100
data/train_pos_100/w_123.jpg 1 0 0 100 100
data/train_pos_100/w_1236.jpg 1 0 0 100 100
data/train_pos_100/w_1237.jpg 1 0 0 100 100
data/train_pos_100/w_124.jpg 1 0 0 100 100
data/train_pos_100/w_1243.jpg 1 0 0 100 100
data/train_pos_100/w_125.jpg 1 0 0 100 100
data/train_pos_100/w_126.jpg 1 0 0 100 100
data/train_pos_100/w_1264.jpg 1 0 0 100 100
data/train_pos_100/w_127.jpg 1 0 0 100 100
data/train_pos_100/w_128.jpg 1 0 0 100 100
data/train_pos_100/w_129.jpg 1 0 0 100 100
data/train_pos_100/w_1290.jpg 1 0 0 100 100
data/train_pos_100/w_13.jpg 1 0 0 100 100
data/train_pos_100/w_130.jpg 1 0 0 100 100
data/train_pos_100/w_131.jpg 1 0 0 100 100
data/train_pos_100/w_1310.jpg 1 0 0 100 100
data/train_pos_100/w_132.jpg 1 0 0 100 100
data/train_pos_100/w_133.jpg 1 0 0 100 100
data/train_pos_100/w_134.jpg 1 0 0 100 100
data/train_pos_100/w_1340.jpg 1 0 0 100 100
data/train_pos_100/w_135.jpg 1 0 0 100 100
data/train_pos_100/w_1355.jpg 1 0 0 100 100
data/train_pos_100/w_136.jpg 1 0 0 100 100
data/train_pos_100/w_137.jpg 1 0 0 100 100
data/train_pos_100/w_138.jpg 1 0 0 100 100
data/train_pos_100/w_139.jpg 1 0 0 100 100
data/train_pos_100/w_14.jpg 1 0 0 100 100
data/train_pos_100/w_140.jpg 1 0 0 100 100
data/train_pos_100/w_1403.jpg 1 0 0 100 100
data/train_pos_100/w_141.jpg 1 0 0 100 100
data/train_pos_100/w_142.jpg 1 0 0 100 100
data/train_pos_100/w_143.jpg 1 0 0 100 100
data/train_pos_100/w_144.jpg 1 0 0 100 100
data/train_pos_100/w_145.jpg 1 0 0 100 100
data/train_pos_100/w_1455.jpg 1 0 0 100 100
data/train_pos_100/w_146.jpg 1 0 0 100 100
data/train_pos_100/w_147.jpg 1 0 0 100 100
data/train_pos_100/w_1475.jpg 1 0 0 100 100
data/train_pos_100/w_1477.jpg 1 0 0 100 100
data/train_pos_100/w_148.jpg 1 0 0 100 100
data/train_pos_100/w_149.jpg 1 0 0 100 100
data/train_pos_100/w_1491.jpg 1 0 0 100 100
data/train_pos_100/w_1497.jpg 1 0 0 100 100
data/train_pos_100/w_15.jpg 1 0 0 100 100
data/train_pos_100/w_150.jpg 1 0 0 100 100
data/train_pos_100/w_151.jpg 1 0 0 100 100
data/train_pos_100/w_152.jpg 1 0 0 100 100
data/train_pos_100/w_1529.jpg 1 0 0 100 100
data/train_pos_100/w_153.jpg 1 0 0 100 100
data/train_pos_100/w_1531.jpg 1 0 0 100 100
data/train_pos_100/w_154.jpg 1 0 0 100 100
data/train_pos_100/w_155.jpg 1 0 0 100 100
data/train_pos_100/w_156.jpg 1 0 0 100 100
data/train_pos_100/w_1564.jpg 1 0 0 100 100
data/train_pos_100/w_157.jpg 1 0 0 100 100
data/train_pos_100/w_1579.jpg 1 0 0 100 100
data/train_pos_100/w_158.jpg 1 0 0 100 100
data/train_pos_100/w_159.jpg 1 0 0 100 100
data/train_pos_100/w_16.jpg 1 0 0 100 100
data/train_pos_100/w_160.jpg 1 0 0 100 100
data/train_pos_100/w_161.jpg 1 0 0 100 100
data/train_pos_100/w_162.jpg 1 0 0 100 100
data/train_pos_100/w_1621.jpg 1 0 0 100 100
data/train_pos_100/w_1628.jpg 1 0 0 100 100
data/train_pos_100/w_163.jpg 1 0 0 100 100
data/train_pos_100/w_164.jpg 1 0 0 100 100
data/train_pos_100/w_1641.jpg 1 0 0 100 100
data/train_pos_100/w_165.jpg 1 0 0 100 100
data/train_pos_100/w_1652.jpg 1 0 0 100 100
data/train_pos_100/w_166.jpg 1 0 0 100 100
data/train_pos_100/w_1666.jpg 1 0 0 100 100
data/train_pos_100/w_167.jpg 1 0 0 100 100
data/train_pos_100/w_168.jpg 1 0 0 100 100
data/train_pos_100/w_169.jpg 1 0 0 100 100
data/train_pos_100/w_17.jpg 1 0 0 100 100
data/train_pos_100/w_170.jpg 1 0 0 100 100
data/train_pos_100/w_172.jpg 1 0 0 100 100
data/train_pos_100/w_1720.jpg 1 0 0 100 100
data/train_pos_100/w_1724.jpg 1 0 0 100 100
data/train_pos_100/w_173.jpg 1 0 0 100 100
data/train_pos_100/w_174.jpg 1 0 0 100 100
data/train_pos_100/w_175.jpg 1 0 0 100 100
data/train_pos_100/w_1752.jpg 1 0 0 100 100
data/train_pos_100/w_176.jpg 1 0 0 100 100
data/train_pos_100/w_1767.jpg 1 0 0 100 100
data/train_pos_100/w_177.jpg 1 0 0 100 100
data/train_pos_100/w_1773.jpg 1 0 0 100 100
data/train_pos_100/w_178.jpg 1 0 0 100 100
data/train_pos_100/w_1787.jpg 1 0 0 100 100
data/train_pos_100/w_179.jpg 1 0 0 100 100
data/train_pos_100/w_18.jpg 1 0 0 100 100
data/train_pos_100/w_180.jpg 1 0 0 100 100
data/train_pos_100/w_1803.jpg 1 0 0 100 100
data/train_pos_100/w_181.jpg 1 0 0 100 100
data/train_pos_100/w_1813.jpg 1 0 0 100 100
data/train_pos_100/w_182.jpg 1 0 0 100 100
data/train_pos_100/w_1822.jpg 1 0 0 100 100
data/train_pos_100/w_183.jpg 1 0 0 100 100
data/train_pos_100/w_184.jpg 1 0 0 100 100
data/train_pos_100/w_185.jpg 1 0 0 100 100
data/train_pos_100/w_186.jpg 1 0 0 100 100
data/train_pos_100/w_187.jpg 1 0 0 100 100
data/train_pos_100/w_1870.jpg 1 0 0 100 100
data/train_pos_100/w_188.jpg 1 0 0 100 100
data/train_pos_100/w_1887.jpg 1 0 0 100 100
data/train_pos_100/w_189.jpg 1 0 0 100 100
data/train_pos_100/w_1897.jpg 1 0 0 100 100
data/train_pos_100/w_19.jpg 1 0 0 100 100
data/train_pos_100/w_190.jpg 1 0 0 100 100
data/train_pos_100/w_191.jpg 1 0 0 100 100
data/train_pos_100/w_192.jpg 1 0 0 100 100
data/train_pos_100/w_1925.jpg 1 0 0 100 100
data/train_pos_100/w_193.jpg 1 0 0 100 100
data/train_pos_100/w_194.jpg 1 0 0 100 100
data/train_pos_100/w_195.jpg 1 0 0 100 100
data/train_pos_100/w_1950.jpg 1 0 0 100 100
data/train_pos_100/w_196.jpg 1 0 0 100 100
data/train_pos_100/w_197.jpg 1 0 0 100 100
data/train_pos_100/w_198.jpg 1 0 0 100 100
data/train_pos_100/w_1989.jpg 1 0 0 100 100
data/train_pos_100/w_199.jpg 1 0 0 100 100
data/train_pos_100/w_1991.jpg 1 0 0 100 100
data/train_pos_100/w_1992.jpg 1 0 0 100 100
data/train_pos_100/w_1997.jpg 1 0 0 100 100
data/train_pos_100/w_2.jpg 1 0 0 100 100
data/train_pos_100/w_20.jpg 1 0 0 100 100
data/train_pos_100/w_200.jpg 1 0 0 100 100
data/train_pos_100/w_201.jpg 1 0 0 100 100
data/train_pos_100/w_202.jpg 1 0 0 100 100
data/train_pos_100/w_203.jpg 1 0 0 100 100
data/train_pos_100/w_204.jpg 1 0 0 100 100
data/train_pos_100/w_205.jpg 1 0 0 100 100
data/train_pos_100/w_206.jpg 1 0 0 100 100
data/train_pos_100/w_2060.jpg 1 0 0 100 100
data/train_pos_100/w_2069.jpg 1 0 0 100 100
data/train_pos_100/w_207.jpg 1 0 0 100 100
data/train_pos_100/w_2071.jpg 1 0 0 100 100
data/train_pos_100/w_2073.jpg 1 0 0 100 100
data/train_pos_100/w_2077.jpg 1 0 0 100 100
data/train_pos_100/w_208.jpg 1 0 0 100 100
data/train_pos_100/w_2080.jpg 1 0 0 100 100
data/train_pos_100/w_209.jpg 1 0 0 100 100
data/train_pos_100/w_2091.jpg 1 0 0 100 100
data/train_pos_100/w_2096.jpg 1 0 0 100 100
data/train_pos_100/w_21.jpg 1 0 0 100 100
data/train_pos_100/w_210.jpg 1 0 0 100 100
data/train_pos_100/w_211.jpg 1 0 0 100 100
data/train_pos_100/w_2113.jpg 1 0 0 100 100
data/train_pos_100/w_212.jpg 1 0 0 100 100
data/train_pos_100/w_213.jpg 1 0 0 100 100
data/train_pos_100/w_214.jpg 1 0 0 100 100
data/train_pos_100/w_2148.jpg 1 0 0 100 100
data/train_pos_100/w_215.jpg 1 0 0 100 100
data/train_pos_100/w_216.jpg 1 0 0 100 100
data/train_pos_100/w_2162.jpg 1 0 0 100 100
data/train_pos_100/w_217.jpg 1 0 0 100 100
data/train_pos_100/w_2171.jpg 1 0 0 100 100
data/train_pos_100/w_218.jpg 1 0 0 100 100
data/train_pos_100/w_219.jpg 1 0 0 100 100
data/train_pos_100/w_22.jpg 1 0 0 100 100
data/train_pos_100/w_220.jpg 1 0 0 100 100
data/train_pos_100/w_2200.jpg 1 0 0 100 100
data/train_pos_100/w_2203.jpg 1 0 0 100 100
data/train_pos_100/w_2209.jpg 1 0 0 100 100
data/train_pos_100/w_221.jpg 1 0 0 100 100
data/train_pos_100/w_2211.jpg 1 0 0 100 100
data/train_pos_100/w_222.jpg 1 0 0 100 100
data/train_pos_100/w_223.jpg 1 0 0 100 100
data/train_pos_100/w_224.jpg 1 0 0 100 100
data/train_pos_100/w_225.jpg 1 0 0 100 100
data/train_pos_100/w_226.jpg 1 0 0 100 100
data/train_pos_100/w_227.jpg 1 0 0 100 100
data/train_pos_100/w_2276.jpg 1 0 0 100 100
data/train_pos_100/w_228.jpg 1 0 0 100 100
data/train_pos_100/w_2283.jpg 1 0 0 100 100
data/train_pos_100/w_229.jpg 1 0 0 100 100
data/train_pos_100/w_23.jpg 1 0 0 100 100
data/train_pos_100/w_230.jpg 1 0 0 100 100
data/train_pos_100/w_2304.jpg 1 0 0 100 100
data/train_pos_100/w_231.jpg 1 0 0 100 100
data/train_pos_100/w_232.jpg 1 0 0 100 100
data/train_pos_100/w_2324.jpg 1 0 0 100 100
data/train_pos_100/w_2325.jpg 1 0 0 100 100
data/train_pos_100/w_233.jpg 1 0 0 100 100
data/train_pos_100/w_234.jpg 1 0 0 100 100
data/train_pos_100/w_235.jpg 1 0 0 100 100
data/train_pos_100/w_2355.jpg 1 0 0 100 100
data/train_pos_100/w_236.jpg 1 0 0 100 100
data/train_pos_100/w_2360.jpg 1 0 0 100 100
data/train_pos_100/w_237.jpg 1 0 0 100 100
data/train_pos_100/w_2372.jpg 1 0 0 100 100
data/train_pos_100/w_238.jpg 1 0 0 100 100
data/train_pos_100/w_2389.jpg 1 0 0 100 100
data/train_pos_100/w_239.jpg 1 0 0 100 100
data/train_pos_100/w_24.jpg 1 0 0 100 100
data/train_pos_100/w_240.jpg 1 0 0 100 100
data/train_pos_100/w_241.jpg 1 0 0 100 100
data/train_pos_100/w_242.jpg 1 0 0 100 100
data/train_pos_100/w_243.jpg 1 0 0 100 100
data/train_pos_100/w_2437.jpg 1 0 0 100 100
data/train_pos_100/w_244.jpg 1 0 0 100 100
data/train_pos_100/w_2440.jpg 1 0 0 100 100
data/train_pos_100/w_245.jpg 1 0 0 100 100
data/train_pos_100/w_246.jpg 1 0 0 100 100
data/train_pos_100/w_247.jpg 1 0 0 100 100
data/train_pos_100/w_248.jpg 1 0 0 100 100
data/train_pos_100/w_249.jpg 1 0 0 100 100
data/train_pos_100/w_2493.jpg 1 0 0 100 100
data/train_pos_100/w_2495.jpg 1 0 0 100 100
data/train_pos_100/w_25.jpg 1 0 0 100 100
data/train_pos_100/w_250.jpg 1 0 0 100 100
data/train_pos_100/w_251.jpg 1 0 0 100 100
data/train_pos_100/w_252.jpg 1 0 0 100 100
data/train_pos_100/w_2525.jpg 1 0 0 100 100
data/train_pos_100/w_253.jpg 1 0 0 100 100
data/train_pos_100/w_254.jpg 1 0 0 100 100
data/train_pos_100/w_255.jpg 1 0 0 100 100
data/train_pos_100/w_2557.jpg 1 0 0 100 100
data/train_pos_100/w_256.jpg 1 0 0 100 100
data/train_pos_100/w_257.jpg 1 0 0 100 100
data/train_pos_100/w_2578.jpg 1 0 0 100 100
data/train_pos_100/w_258.jpg 1 0 0 100 100
data/train_pos_100/w_259.jpg 1 0 0 100 100
data/train_pos_100/w_26.jpg 1 0 0 100 100
data/train_pos_100/w_260.jpg 1 0 0 100 100
data/train_pos_100/w_261.jpg 1 0 0 100 100
data/train_pos_100/w_2616.jpg 1 0 0 100 100
data/train_pos_100/w_262.jpg 1 0 0 100 100
data/train_pos_100/w_2629.jpg 1 0 0 100 100
data/train_pos_100/w_263.jpg 1 0 0 100 100
data/train_pos_100/w_2631.jpg 1 0 0 100 100
data/train_pos_100/w_2638.jpg 1 0 0 100 100
data/train_pos_100/w_264.jpg 1 0 0 100 100
data/train_pos_100/w_265.jpg 1 0 0 100 100
data/train_pos_100/w_2656.jpg 1 0 0 100 100
data/train_pos_100/w_266.jpg 1 0 0 100 100
data/train_pos_100/w_267.jpg 1 0 0 100 100
data/train_pos_100/w_268.jpg 1 0 0 100 100
data/train_pos_100/w_269.jpg 1 0 0 100 100
data/train_pos_100/w_27.jpg 1 0 0 100 100
data/train_pos_100/w_270.jpg 1 0 0 100 100
data/train_pos_100/w_2706.jpg 1 0 0 100 100
data/train_pos_100/w_271.jpg 1 0 0 100 100
data/train_pos_100/w_2710.jpg 1 0 0 100 100
data/train_pos_100/w_272.jpg 1 0 0 100 100
data/train_pos_100/w_273.jpg 1 0 0 100 100
data/train_pos_100/w_2736.jpg 1 0 0 100 100
data/train_pos_100/w_274.jpg 1 0 0 100 100
data/train_pos_100/w_2749.jpg 1 0 0 100 100
data/train_pos_100/w_275.jpg 1 0 0 100 100
data/train_pos_100/w_2757.jpg 1 0 0 100 100
data/train_pos_100/w_276.jpg 1 0 0 100 100
data/train_pos_100/w_277.jpg 1 0 0 100 100
data/train_pos_100/w_278.jpg 1 0 0 100 100
data/train_pos_100/w_279.jpg 1 0 0 100 100
data/train_pos_100/w_2794.jpg 1 0 0 100 100
data/train_pos_100/w_28.jpg 1 0 0 100 100
data/train_pos_100/w_280.jpg 1 0 0 100 100
data/train_pos_100/w_2803.jpg 1 0 0 100 100
data/train_pos_100/w_2808.jpg 1 0 0 100 100
data/train_pos_100/w_281.jpg 1 0 0 100 100
data/train_pos_100/w_2818.jpg 1 0 0 100 100
data/train_pos_100/w_282.jpg 1 0 0 100 100
data/train_pos_100/w_2829.jpg 1 0 0 100 100
data/train_pos_100/w_283.jpg 1 0 0 100 100
data/train_pos_100/w_284.jpg 1 0 0 100 100
data/train_pos_100/w_285.jpg 1 0 0 100 100
data/train_pos_100/w_286.jpg 1 0 0 100 100
data/train_pos_100/w_2866.jpg 1 0 0 100 100
data/train_pos_100/w_287.jpg 1 0 0 100 100
data/train_pos_100/w_288.jpg 1 0 0 100 100
data/train_pos_100/w_2882.jpg 1 0 0 100 100
data/train_pos_100/w_289.jpg 1 0 0 100 100
data/train_pos_100/w_2894.jpg 1 0 0 100 100
data/train_pos_100/w_29.jpg 1 0 0 100 100
data/train_pos_100/w_290.jpg 1 0 0 100 100
data/train_pos_100/w_291.jpg 1 0 0 100 100
data/train_pos_100/w_292.jpg 1 0 0 100 100
data/train_pos_100/w_293.jpg 1 0 0 100 100
data/train_pos_100/w_2939.jpg 1 0 0 100 100
data/train_pos_100/w_294.jpg 1 0 0 100 100
data/train_pos_100/w_295.jpg 1 0 0 100 100
data/train_pos_100/w_296.jpg 1 0 0 100 100
data/train_pos_100/w_297.jpg 1 0 0 100 100
data/train_pos_100/w_298.jpg 1 0 0 100 100
data/train_pos_100/w_299.jpg 1 0 0 100 100
data/train_pos_100/w_3.jpg 1 0 0 100 100
data/train_pos_100/w_30.jpg 1 0 0 100 100
data/train_pos_100/w_300.jpg 1 0 0 100 100
data/train_pos_100/w_301.jpg 1 0 0 100 100
data/train_pos_100/w_3013.jpg 1 0 0 100 100
data/train_pos_100/w_3016.jpg 1 0 0 100 100
data/train_pos_100/w_302.jpg 1 0 0 100 100
data/train_pos_100/w_303.jpg 1 0 0 100 100
data/train_pos_100/w_304.jpg 1 0 0 100 100
data/train_pos_100/w_3049.jpg 1 0 0 100 100
data/train_pos_100/w_305.jpg 1 0 0 100 100
data/train_pos_100/w_306.jpg 1 0 0 100 100
data/train_pos_100/w_307.jpg 1 0 0 100 100
data/train_pos_100/w_308.jpg 1 0 0 100 100
data/train_pos_100/w_3089.jpg 1 0 0 100 100
data/train_pos_100/w_309.jpg 1 0 0 100 100
data/train_pos_100/w_3097.jpg 1 0 0 100 100
data/train_pos_100/w_31.jpg 1 0 0 100 100
data/train_pos_100/w_310.jpg 1 0 0 100 100
data/train_pos_100/w_311.jpg 1 0 0 100 100
data/train_pos_100/w_312.jpg 1 0 0 100 100
data/train_pos_100/w_313.jpg 1 0 0 100 100
data/train_pos_100/w_314.jpg 1 0 0 100 100
data/train_pos_100/w_315.jpg 1 0 0 100 100
data/train_pos_100/w_3159.jpg 1 0 0 100 100
data/train_pos_100/w_316.jpg 1 0 0 100 100
data/train_pos_100/w_317.jpg 1 0 0 100 100
data/train_pos_100/w_3178.jpg 1 0 0 100 100
data/train_pos_100/w_318.jpg 1 0 0 100 100
data/train_pos_100/w_319.jpg 1 0 0 100 100
data/train_pos_100/w_32.jpg 1 0 0 100 100
data/train_pos_100/w_320.jpg 1 0 0 100 100
data/train_pos_100/w_321.jpg 1 0 0 100 100
data/train_pos_100/w_322.jpg 1 0 0 100 100
data/train_pos_100/w_323.jpg 1 0 0 100 100
data/train_pos_100/w_3232.jpg 1 0 0 100 100
data/train_pos_100/w_3235.jpg 1 0 0 100 100
data/train_pos_100/w_324.jpg 1 0 0 100 100
data/train_pos_100/w_325.jpg 1 0 0 100 100
data/train_pos_100/w_3258.jpg 1 0 0 100 100
data/train_pos_100/w_326.jpg 1 0 0 100 100
data/train_pos_100/w_327.jpg 1 0 0 100 100
data/train_pos_100/w_3271.jpg 1 0 0 100 100
data/train_pos_100/w_328.jpg 1 0 0 100 100
data/train_pos_100/w_329.jpg 1 0 0 100 100
data/train_pos_100/w_3299.jpg 1 0 0 100 100
data/train_pos_100/w_33.jpg 1 0 0 100 100
data/train_pos_100/w_330.jpg 1 0 0 100 100
data/train_pos_100/w_3309.jpg 1 0 0 100 100
data/train_pos_100/w_331.jpg 1 0 0 100 100
data/train_pos_100/w_332.jpg 1 0 0 100 100
data/train_pos_100/w_333.jpg 1 0 0 100 100
data/train_pos_100/w_334.jpg 1 0 0 100 100
data/train_pos_100/w_335.jpg 1 0 0 100 100
data/train_pos_100/w_336.jpg 1 0 0 100 100
data/train_pos_100/w_337.jpg 1 0 0 100 100
data/train_pos_100/w_338.jpg 1 0 0 100 100
data/train_pos_100/w_3381.jpg 1 0 0 100 100
data/train_pos_100/w_3384.jpg 1 0 0 100 100
data/train_pos_100/w_339.jpg 1 0 0 100 100
data/train_pos_100/w_34.jpg 1 0 0 100 100
data/train_pos_100/w_340.jpg 1 0 0 100 100
data/train_pos_100/w_3404.jpg 1 0 0 100 100
data/train_pos_100/w_3406.jpg 1 0 0 100 100
data/train_pos_100/w_341.jpg 1 0 0 100 100
data/train_pos_100/w_342.jpg 1 0 0 100 100
data/train_pos_100/w_3427.jpg 1 0 0 100 100
data/train_pos_100/w_343.jpg 1 0 0 100 100
data/train_pos_100/w_344.jpg 1 0 0 100 100
data/train_pos_100/w_345.jpg 1 0 0 100 100
data/train_pos_100/w_346.jpg 1 0 0 100 100
data/train_pos_100/w_3462.jpg 1 0 0 100 100
data/train_pos_100/w_3468.jpg 1 0 0 100 100
data/train_pos_100/w_347.jpg 1 0 0 100 100
data/train_pos_100/w_3474.jpg 1 0 0 100 100
data/train_pos_100/w_348.jpg 1 0 0 100 100
data/train_pos_100/w_349.jpg 1 0 0 100 100
data/train_pos_100/w_3496.jpg 1 0 0 100 100
data/train_pos_100/w_35.jpg 1 0 0 100 100
data/train_pos_100/w_350.jpg 1 0 0 100 100
data/train_pos_100/w_3502.jpg 1 0 0 100 100
data/train_pos_100/w_3507.jpg 1 0 0 100 100
data/train_pos_100/w_351.jpg 1 0 0 100 100
data/train_pos_100/w_352.jpg 1 0 0 100 100
data/train_pos_100/w_353.jpg 1 0 0 100 100
data/train_pos_100/w_354.jpg 1 0 0 100 100
data/train_pos_100/w_355.jpg 1 0 0 100 100
data/train_pos_100/w_356.jpg 1 0 0 100 100
data/train_pos_100/w_357.jpg 1 0 0 100 100
data/train_pos_100/w_358.jpg 1 0 0 100 100
data/train_pos_100/w_359.jpg 1 0 0 100 100
data/train_pos_100/w_36.jpg 1 0 0 100 100
data/train_pos_100/w_360.jpg 1 0 0 100 100
data/train_pos_100/w_361.jpg 1 0 0 100 100
data/train_pos_100/w_362.jpg 1 0 0 100 100
data/train_pos_100/w_3620.jpg 1 0 0 100 100
data/train_pos_100/w_363.jpg 1 0 0 100 100
data/train_pos_100/w_364.jpg 1 0 0 100 100
data/train_pos_100/w_365.jpg 1 0 0 100 100
data/train_pos_100/w_366.jpg 1 0 0 100 100
data/train_pos_100/w_3660.jpg 1 0 0 100 100
data/train_pos_100/w_3667.jpg 1 0 0 100 100
data/train_pos_100/w_367.jpg 1 0 0 100 100
data/train_pos_100/w_3679.jpg 1 0 0 100 100
data/train_pos_100/w_369.jpg 1 0 0 100 100
data/train_pos_100/w_37.jpg 1 0 0 100 100
data/train_pos_100/w_370.jpg 1 0 0 100 100
data/train_pos_100/w_3707.jpg 1 0 0 100 100
data/train_pos_100/w_3709.jpg 1 0 0 100 100
data/train_pos_100/w_371.jpg 1 0 0 100 100
data/train_pos_100/w_372.jpg 1 0 0 100 100
data/train_pos_100/w_373.jpg 1 0 0 100 100
data/train_pos_100/w_3730.jpg 1 0 0 100 100
data/train_pos_100/w_374.jpg 1 0 0 100 100
data/train_pos_100/w_375.jpg 1 0 0 100 100
data/train_pos_100/w_376.jpg 1 0 0 100 100
data/train_pos_100/w_377.jpg 1 0 0 100 100
data/train_pos_100/w_3776.jpg 1 0 0 100 100
data/train_pos_100/w_378.jpg 1 0 0 100 100
data/train_pos_100/w_379.jpg 1 0 0 100 100
data/train_pos_100/w_38.jpg 1 0 0 100 100
data/train_pos_100/w_380.jpg 1 0 0 100 100
data/train_pos_100/w_3809.jpg 1 0 0 100 100
data/train_pos_100/w_381.jpg 1 0 0 100 100
data/train_pos_100/w_382.jpg 1 0 0 100 100
data/train_pos_100/w_3823.jpg 1 0 0 100 100
data/train_pos_100/w_383.jpg 1 0 0 100 100
data/train_pos_100/w_384.jpg 1 0 0 100 100
data/train_pos_100/w_385.jpg 1 0 0 100 100
data/train_pos_100/w_3853.jpg 1 0 0 100 100
data/train_pos_100/w_386.jpg 1 0 0 100 100
data/train_pos_100/w_388.jpg 1 0 0 100 100
data/train_pos_100/w_3887.jpg 1 0 0 100 100
data/train_pos_100/w_389.jpg 1 0 0 100 100
data/train_pos_100/w_39.jpg 1 0 0 100 100
data/train_pos_100/w_390.jpg 1 0 0 100 100
data/train_pos_100/w_3909.jpg 1 0 0 100 100
data/train_pos_100/w_391.jpg 1 0 0 100 100
data/train_pos_100/w_392.jpg 1 0 0 100 100
data/train_pos_100/w_3920.jpg 1 0 0 100 100
data/train_pos_100/w_393.jpg 1 0 0 100 100
data/train_pos_100/w_3934.jpg 1 0 0 100 100
data/train_pos_100/w_3935.jpg 1 0 0 100 100
data/train_pos_100/w_394.jpg 1 0 0 100 100
data/train_pos_100/w_395.jpg 1 0 0 100 100
data/train_pos_100/w_396.jpg 1 0 0 100 100
data/train_pos_100/w_3979.jpg 1 0 0 100 100
data/train_pos_100/w_398.jpg 1 0 0 100 100
data/train_pos_100/w_3988.jpg 1 0 0 100 100
data/train_pos_100/w_399.jpg 1 0 0 100 100
data/train_pos_100/w_3990.jpg 1 0 0 100 100
data/train_pos_100/w_4.jpg 1 0 0 100 100
data/train_pos_100/w_40.jpg 1 0 0 100 100
data/train_pos_100/w_400.jpg 1 0 0 100 100
data/train_pos_100/w_401.jpg 1 0 0 100 100
data/train_pos_100/w_4015.jpg 1 0 0 100 100
data/train_pos_100/w_402.jpg 1 0 0 100 100
data/train_pos_100/w_4023.jpg 1 0 0 100 100
data/train_pos_100/w_403.jpg 1 0 0 100 100
data/train_pos_100/w_4038.jpg 1 0 0 100 100
data/train_pos_100/w_404.jpg 1 0 0 100 100
data/train_pos_100/w_4044.jpg 1 0 0 100 100
data/train_pos_100/w_405.jpg 1 0 0 100 100
data/train_pos_100/w_406.jpg 1 0 0 100 100
data/train_pos_100/w_4065.jpg 1 0 0 100 100
data/train_pos_100/w_407.jpg 1 0 0 100 100
data/train_pos_100/w_408.jpg 1 0 0 100 100
data/train_pos_100/w_4083.jpg 1 0 0 100 100
data/train_pos_100/w_409.jpg 1 0 0 100 100
data/train_pos_100/w_4095.jpg 1 0 0 100 100
data/train_pos_100/w_41.jpg 1 0 0 100 100
data/train_pos_100/w_410.jpg 1 0 0 100 100
data/train_pos_100/w_411.jpg 1 0 0 100 100
data/train_pos_100/w_412.jpg 1 0 0 100 100
data/train_pos_100/w_4120.jpg 1 0 0 100 100
data/train_pos_100/w_4135.jpg 1 0 0 100 100
data/train_pos_100/w_414.jpg 1 0 0 100 100
data/train_pos_100/w_4141.jpg 1 0 0 100 100
data/train_pos_100/w_415.jpg 1 0 0 100 100
data/train_pos_100/w_416.jpg 1 0 0 100 100
data/train_pos_100/w_417.jpg 1 0 0 100 100
data/train_pos_100/w_4177.jpg 1 0 0 100 100
data/train_pos_100/w_418.jpg 1 0 0 100 100
data/train_pos_100/w_419.jpg 1 0 0 100 100
data/train_pos_100/w_4191.jpg 1 0 0 100 100
data/train_pos_100/w_42.jpg 1 0 0 100 100
data/train_pos_100/w_420.jpg 1 0 0 100 100
data/train_pos_100/w_4208.jpg 1 0 0 100 100
data/train_pos_100/w_421.jpg 1 0 0 100 100
data/train_pos_100/w_422.jpg 1 0 0 100 100
data/train_pos_100/w_423.jpg 1 0 0 100 100
data/train_pos_100/w_424.jpg 1 0 0 100 100
data/train_pos_100/w_4247.jpg 1 0 0 100 100
data/train_pos_100/w_425.jpg 1 0 0 100 100
data/train_pos_100/w_4254.jpg 1 0 0 100 100
data/train_pos_100/w_426.jpg 1 0 0 100 100
data/train_pos_100/w_427.jpg 1 0 0 100 100
data/train_pos_100/w_428.jpg 1 0 0 100 100
data/train_pos_100/w_4284.jpg 1 0 0 100 100
data/train_pos_100/w_4289.jpg 1 0 0 100 100
data/train_pos_100/w_429.jpg 1 0 0 100 100
data/train_pos_100/w_4293.jpg 1 0 0 100 100
data/train_pos_100/w_4298.jpg 1 0 0 100 100
data/train_pos_100/w_43.jpg 1 0 0 100 100
data/train_pos_100/w_430.jpg 1 0 0 100 100
data/train_pos_100/w_431.jpg 1 0 0 100 100
data/train_pos_100/w_4316.jpg 1 0 0 100 100
data/train_pos_100/w_4318.jpg 1 0 0 100 100
data/train_pos_100/w_432.jpg 1 0 0 100 100
data/train_pos_100/w_4326.jpg 1 0 0 100 100
data/train_pos_100/w_433.jpg 1 0 0 100 100
data/train_pos_100/w_434.jpg 1 0 0 100 100
data/train_pos_100/w_4346.jpg 1 0 0 100 100
data/train_pos_100/w_435.jpg 1 0 0 100 100
data/train_pos_100/w_436.jpg 1 0 0 100 100
data/train_pos_100/w_4366.jpg 1 0 0 100 100
data/train_pos_100/w_4367.jpg 1 0 0 100 100
data/train_pos_100/w_437.jpg 1 0 0 100 100
data/train_pos_100/w_438.jpg 1 0 0 100 100
data/train_pos_100/w_4385.jpg 1 0 0 100 100
data/train_pos_100/w_439.jpg 1 0 0 100 100
data/train_pos_100/w_4390.jpg 1 0 0 100 100
data/train_pos_100/w_4394.jpg 1 0 0 100 100
data/train_pos_100/w_44.jpg 1 0 0 100 100
data/train_pos_100/w_440.jpg 1 0 0 100 100
data/train_pos_100/w_4401.jpg 1 0 0 100 100
data/train_pos_100/w_441.jpg 1 0 0 100 100
data/train_pos_100/w_442.jpg 1 0 0 100 100
data/train_pos_100/w_443.jpg 1 0 0 100 100
data/train_pos_100/w_444.jpg 1 0 0 100 100
data/train_pos_100/w_4447.jpg 1 0 0 100 100
data/train_pos_100/w_445.jpg 1 0 0 100 100
data/train_pos_100/w_4458.jpg 1 0 0 100 100
data/train_pos_100/w_446.jpg 1 0 0 100 100
data/train_pos_100/w_4460.jpg 1 0 0 100 100
data/train_pos_100/w_4467.jpg 1 0 0 100 100
data/train_pos_100/w_447.jpg 1 0 0 100 100
data/train_pos_100/w_4478.jpg 1 0 0 100 100
data/train_pos_100/w_448.jpg 1 0 0 100 100
data/train_pos_100/w_4489.jpg 1 0 0 100 100
data/train_pos_100/w_449.jpg 1 0 0 100 100
data/train_pos_100/w_45.jpg 1 0 0 100 100
data/train_pos_100/w_450.jpg 1 0 0 100 100
data/train_pos_100/w_4503.jpg 1 0 0 100 100
data/train_pos_100/w_4507.jpg 1 0 0 100 100
data/train_pos_100/w_4509.jpg 1 0 0 100 100
data/train_pos_100/w_451.jpg 1 0 0 100 100
data/train_pos_100/w_4518.jpg 1 0 0 100 100
data/train_pos_100/w_452.jpg 1 0 0 100 100
data/train_pos_100/w_453.jpg 1 0 0 100 100
data/train_pos_100/w_454.jpg 1 0 0 100 100
data/train_pos_100/w_4548.jpg 1 0 0 100 100
data/train_pos_100/w_455.jpg 1 0 0 100 100
data/train_pos_100/w_456.jpg 1 0 0 100 100
data/train_pos_100/w_4561.jpg 1 0 0 100 100
data/train_pos_100/w_4574.jpg 1 0 0 100 100
data/train_pos_100/w_458.jpg 1 0 0 100 100
data/train_pos_100/w_4584.jpg 1 0 0 100 100
data/train_pos_100/w_4589.jpg 1 0 0 100 100
data/train_pos_100/w_459.jpg 1 0 0 100 100
data/train_pos_100/w_46.jpg 1 0 0 100 100
data/train_pos_100/w_460.jpg 1 0 0 100 100
data/train_pos_100/w_461.jpg 1 0 0 100 100
data/train_pos_100/w_4611.jpg 1 0 0 100 100
data/train_pos_100/w_462.jpg 1 0 0 100 100
data/train_pos_100/w_463.jpg 1 0 0 100 100
data/train_pos_100/w_464.jpg 1 0 0 100 100
data/train_pos_100/w_465.jpg 1 0 0 100 100
data/train_pos_100/w_466.jpg 1 0 0 100 100
data/train_pos_100/w_467.jpg 1 0 0 100 100
data/train_pos_100/w_468.jpg 1 0 0 100 100
data/train_pos_100/w_469.jpg 1 0 0 100 100
data/train_pos_100/w_4692.jpg 1 0 0 100 100
data/train_pos_100/w_47.jpg 1 0 0 100 100
data/train_pos_100/w_470.jpg 1 0 0 100 100
data/train_pos_100/w_4700.jpg 1 0 0 100 100
data/train_pos_100/w_4701.jpg 1 0 0 100 100
data/train_pos_100/w_471.jpg 1 0 0 100 100
data/train_pos_100/w_4715.jpg 1 0 0 100 100
data/train_pos_100/w_472.jpg 1 0 0 100 100
data/train_pos_100/w_473.jpg 1 0 0 100 100
data/train_pos_100/w_474.jpg 1 0 0 100 100
data/train_pos_100/w_4744.jpg 1 0 0 100 100
data/train_pos_100/w_4747.jpg 1 0 0 100 100
data/train_pos_100/w_475.jpg 1 0 0 100 100
data/train_pos_100/w_476.jpg 1 0 0 100 100
data/train_pos_100/w_4767.jpg 1 0 0 100 100
data/train_pos_100/w_477.jpg 1 0 0 100 100
data/train_pos_100/w_478.jpg 1 0 0 100 100
data/train_pos_100/w_4780.jpg 1 0 0 100 100
data/train_pos_100/w_479.jpg 1 0 0 100 100
data/train_pos_100/w_4790.jpg 1 0 0 100 100
data/train_pos_100/w_4799.jpg 1 0 0 100 100
data/train_pos_100/w_48.jpg 1 0 0 100 100
data/train_pos_100/w_480.jpg 1 0 0 100 100
data/train_pos_100/w_481.jpg 1 0 0 100 100
data/train_pos_100/w_482.jpg 1 0 0 100 100
data/train_pos_100/w_4820.jpg 1 0 0 100 100
data/train_pos_100/w_4821.jpg 1 0 0 100 100
data/train_pos_100/w_483.jpg 1 0 0 100 100
data/train_pos_100/w_484.jpg 1 0 0 100 100
data/train_pos_100/w_485.jpg 1 0 0 100 100
data/train_pos_100/w_486.jpg 1 0 0 100 100
data/train_pos_100/w_487.jpg 1 0 0 100 100
data/train_pos_100/w_4879.jpg 1 0 0 100 100
data/train_pos_100/w_488.jpg 1 0 0 100 100
data/train_pos_100/w_489.jpg 1 0 0 100 100
data/train_pos_100/w_49.jpg 1 0 0 100 100
data/train_pos_100/w_490.jpg 1 0 0 100 100
data/train_pos_100/w_491.jpg 1 0 0 100 100
data/train_pos_100/w_492.jpg 1 0 0 100 100
data/train_pos_100/w_493.jpg 1 0 0 100 100
data/train_pos_100/w_4930.jpg 1 0 0 100 100
data/train_pos_100/w_4937.jpg 1 0 0 100 100
data/train_pos_100/w_494.jpg 1 0 0 100 100
data/train_pos_100/w_495.jpg 1 0 0 100 100
data/train_pos_100/w_496.jpg 1 0 0 100 100
data/train_pos_100/w_4963.jpg 1 0 0 100 100
data/train_pos_100/w_497.jpg 1 0 0 100 100
data/train_pos_100/w_498.jpg 1 0 0 100 100
data/train_pos_100/w_4985.jpg 1 0 0 100 100
data/train_pos_100/w_4988.jpg 1 0 0 100 100
data/train_pos_100/w_499.jpg 1 0 0 100 100
data/train_pos_100/w_4990.jpg 1 0 0 100 100
data/train_pos_100/w_4995.jpg 1 0 0 100 100
data/train_pos_100/w_5.jpg 1 0 0 100 100
data/train_pos_100/w_50.jpg 1 0 0 100 100
data/train_pos_100/w_5005.jpg 1 0 0 100 100
data/train_pos_100/w_5008.jpg 1 0 0 100 100
data/train_pos_100/w_5013.jpg 1 0 0 100 100
data/train_pos_100/w_5026.jpg 1 0 0 100 100
data/train_pos_100/w_5044.jpg 1 0 0 100 100
data/train_pos_100/w_5046.jpg 1 0 0 100 100
data/train_pos_100/w_5091.jpg 1 0 0 100 100
data/train_pos_100/w_51.jpg 1 0 0 100 100
data/train_pos_100/w_5105.jpg 1 0 0 100 100
data/train_pos_100/w_5107.jpg 1 0 0 100 100
data/train_pos_100/w_5109.jpg 1 0 0 100 100
data/train_pos_100/w_5126.jpg 1 0 0 100 100
data/train_pos_100/w_5129.jpg 1 0 0 100 100
data/train_pos_100/w_5130.jpg 1 0 0 100 100
data/train_pos_100/w_5139.jpg 1 0 0 100 100
data/train_pos_100/w_5157.jpg 1 0 0 100 100
data/train_pos_100/w_5165.jpg 1 0 0 100 100
data/train_pos_100/w_5185.jpg 1 0 0 100 100
data/train_pos_100/w_5195.jpg 1 0 0 100 100
data/train_pos_100/w_52.jpg 1 0 0 100 100
data/train_pos_100/w_5224.jpg 1 0 0 100 100
data/train_pos_100/w_5244.jpg 1 0 0 100 100
data/train_pos_100/w_5246.jpg 1 0 0 100 100
data/train_pos_100/w_5267.jpg 1 0 0 100 100
data/train_pos_100/w_5271.jpg 1 0 0 100 100
data/train_pos_100/w_5290.jpg 1 0 0 100 100
data/train_pos_100/w_5294.jpg 1 0 0 100 100
data/train_pos_100/w_53.jpg 1 0 0 100 100
data/train_pos_100/w_530.jpg 1 0 0 100 100
data/train_pos_100/w_5310.jpg 1 0 0 100 100
data/train_pos_100/w_5392.jpg 1 0 0 100 100
data/train_pos_100/w_54.jpg 1 0 0 100 100
data/train_pos_100/w_540.jpg 1 0 0 100 100
data/train_pos_100/w_5429.jpg 1 0 0 100 100
data/train_pos_100/w_5461.jpg 1 0 0 100 100
data/train_pos_100/w_5463.jpg 1 0 0 100 100
data/train_pos_100/w_5469.jpg 1 0 0 100 100
data/train_pos_100/w_5470.jpg 1 0 0 100 100
data/train_pos_100/w_5478.jpg 1 0 0 100 100
data/train_pos_100/w_5480.jpg 1 0 0 100 100
data/train_pos_100/w_55.jpg 1 0 0 100 100
data/train_pos_100/w_5503.jpg 1 0 0 100 100
data/train_pos_100/w_5522.jpg 1 0 0 100 100
data/train_pos_100/w_5528.jpg 1 0 0 100 100
data/train_pos_100/w_5539.jpg 1 0 0 100 100
data/train_pos_100/w_5543.jpg 1 0 0 100 100
data/train_pos_100/w_5549.jpg 1 0 0 100 100
data/train_pos_100/w_5575.jpg 1 0 0 100 100
data/train_pos_100/w_5590.jpg 1 0 0 100 100
data/train_pos_100/w_56.jpg 1 0 0 100 100
data/train_pos_100/w_5602.jpg 1 0 0 100 100
data/train_pos_100/w_5652.jpg 1 0 0 100 100
data/train_pos_100/w_5655.jpg 1 0 0 100 100
data/train_pos_100/w_5659.jpg 1 0 0 100 100
data/train_pos_100/w_5660.jpg 1 0 0 100 100
data/train_pos_100/w_5662.jpg 1 0 0 100 100
data/train_pos_100/w_5688.jpg 1 0 0 100 100
data/train_pos_100/w_5689.jpg 1 0 0 100 100
data/train_pos_100/w_5697.jpg 1 0 0 100 100
data/train_pos_100/w_5698.jpg 1 0 0 100 100
data/train_pos_100/w_57.jpg 1 0 0 100 100
data/train_pos_100/w_5703.jpg 1 0 0 100 100
data/train_pos_100/w_5718.jpg 1 0 0 100 100
data/train_pos_100/w_5722.jpg 1 0 0 100 100
data/train_pos_100/w_5739.jpg 1 0 0 100 100
data/train_pos_100/w_5744.jpg 1 0 0 100 100
data/train_pos_100/w_5765.jpg 1 0 0 100 100
data/train_pos_100/w_5780.jpg 1 0 0 100 100
data/train_pos_100/w_5792.jpg 1 0 0 100 100
data/train_pos_100/w_58.jpg 1 0 0 100 100
data/train_pos_100/w_5800.jpg 1 0 0 100 100
data/train_pos_100/w_5802.jpg 1 0 0 100 100
data/train_pos_100/w_5831.jpg 1 0 0 100 100
data/train_pos_100/w_5846.jpg 1 0 0 100 100
data/train_pos_100/w_585.jpg 1 0 0 100 100
data/train_pos_100/w_5862.jpg 1 0 0 100 100
data/train_pos_100/w_5877.jpg 1 0 0 100 100
data/train_pos_100/w_5881.jpg 1 0 0 100 100
data/train_pos_100/w_5890.jpg 1 0 0 100 100
data/train_pos_100/w_59.jpg 1 0 0 100 100
data/train_pos_100/w_5927.jpg 1 0 0 100 100
data/train_pos_100/w_5964.jpg 1 0 0 100 100
data/train_pos_100/w_5980.jpg 1 0 0 100 100
data/train_pos_100/w_6.jpg 1 0 0 100 100
data/train_pos_100/w_60.jpg 1 0 0 100 100
data/train_pos_100/w_6004.jpg 1 0 0 100 100
data/train_pos_100/w_6006.jpg 1 0 0 100 100
data/train_pos_100/w_6008.jpg 1 0 0 100 100
data/train_pos_100/w_601.jpg 1 0 0 100 100
data/train_pos_100/w_6033.jpg 1 0 0 100 100
data/train_pos_100/w_6037.jpg 1 0 0 100 100
data/train_pos_100/w_61.jpg 1 0 0 100 100
data/train_pos_100/w_6127.jpg 1 0 0 100 100
data/train_pos_100/w_6139.jpg 1 0 0 100 100
data/train_pos_100/w_6147.jpg 1 0 0 100 100
data/train_pos_100/w_6177.jpg 1 0 0 100 100
data/train_pos_100/w_6178.jpg 1 0 0 100 100
data/train_pos_100/w_6199.jpg 1 0 0 100 100
data/train_pos_100/w_62.jpg 1 0 0 100 100
data/train_pos_100/w_6214.jpg 1 0 0 100 100
data/train_pos_100/w_6232.jpg 1 0 0 100 100
data/train_pos_100/w_6240.jpg 1 0 0 100 100
data/train_pos_100/w_6262.jpg 1 0 0 100 100
data/train_pos_100/w_6266.jpg 1 0 0 100 100
data/train_pos_100/w_63.jpg 1 0 0 100 100
data/train_pos_100/w_6302.jpg 1 0 0 100 100
data/train_pos_100/w_6326.jpg 1 0 0 100 100
data/train_pos_100/w_6329.jpg 1 0 0 100 100
data/train_pos_100/w_6339.jpg 1 0 0 100 100
data/train_pos_100/w_64.jpg 1 0 0 100 100
data/train_pos_100/w_6403.jpg 1 0 0 100 100
data/train_pos_100/w_6406.jpg 1 0 0 100 100
data/train_pos_100/w_6416.jpg 1 0 0 100 100
data/train_pos_100/w_6465.jpg 1 0 0 100 100
data/train_pos_100/w_647.jpg 1 0 0 100 100
data/train_pos_100/w_6480.jpg 1 0 0 100 100
data/train_pos_100/w_6481.jpg 1 0 0 100 100
data/train_pos_100/w_6498.jpg 1 0 0 100 100
data/train_pos_100/w_65.jpg 1 0 0 100 100
data/train_pos_100/w_6506.jpg 1 0 0 100 100
data/train_pos_100/w_6527.jpg 1 0 0 100 100
data/train_pos_100/w_66.jpg 1 0 0 100 100
data/train_pos_100/w_6615.jpg 1 0 0 100 100
data/train_pos_100/w_663.jpg 1 0 0 100 100
data/train_pos_100/w_6639.jpg 1 0 0 100 100
data/train_pos_100/w_6657.jpg 1 0 0 100 100
data/train_pos_100/w_6673.jpg 1 0 0 100 100
data/train_pos_100/w_6676.jpg 1 0 0 100 100
data/train_pos_100/w_669.jpg 1 0 0 100 100
data/train_pos_100/w_6690.jpg 1 0 0 100 100
data/train_pos_100/w_67.jpg 1 0 0 100 100
data/train_pos_100/w_6710.jpg 1 0 0 100 100
data/train_pos_100/w_6716.jpg 1 0 0 100 100
data/train_pos_100/w_673.jpg 1 0 0 100 100
data/train_pos_100/w_6742.jpg 1 0 0 100 100
data/train_pos_100/w_6784.jpg 1 0 0 100 100
data/train_pos_100/w_68.jpg 1 0 0 100 100
data/train_pos_100/w_6815.jpg 1 0 0 100 100
data/train_pos_100/w_6828.jpg 1 0 0 100 100
data/train_pos_100/w_6839.jpg 1 0 0 100 100
data/train_pos_100/w_6862.jpg 1 0 0 100 100
data/train_pos_100/w_6867.jpg 1 0 0 100 100
data/train_pos_100/w_6873.jpg 1 0 0 100 100
data/train_pos_100/w_6884.jpg 1 0 0 100 100
data/train_pos_100/w_6890.jpg 1 0 0 100 100
data/train_pos_100/w_6896.jpg 1 0 0 100 100
data/train_pos_100/w_69.jpg 1 0 0 100 100
data/train_pos_100/w_6908.jpg 1 0 0 100 100
data/train_pos_100/w_691.jpg 1 0 0 100 100
data/train_pos_100/w_6912.jpg 1 0 0 100 100
data/train_pos_100/w_6948.jpg 1 0 0 100 100
data/train_pos_100/w_6958.jpg 1 0 0 100 100
data/train_pos_100/w_6959.jpg 1 0 0 100 100
data/train_pos_100/w_6967.jpg 1 0 0 100 100
data/train_pos_100/w_6971.jpg 1 0 0 100 100
data/train_pos_100/w_6996.jpg 1 0 0 100 100
data/train_pos_100/w_70.jpg 1 0 0 100 100
data/train_pos_100/w_7001.jpg 1 0 0 100 100
data/train_pos_100/w_701.jpg 1 0 0 100 100
data/train_pos_100/w_7012.jpg 1 0 0 100 100
data/train_pos_100/w_7014.jpg 1 0 0 100 100
data/train_pos_100/w_7025.jpg 1 0 0 100 100
data/train_pos_100/w_7067.jpg 1 0 0 100 100
data/train_pos_100/w_71.jpg 1 0 0 100 100
data/train_pos_100/w_7133.jpg 1 0 0 100 100
data/train_pos_100/w_7150.jpg 1 0 0 100 100
data/train_pos_100/w_7165.jpg 1 0 0 100 100
data/train_pos_100/w_7166.jpg 1 0 0 100 100
data/train_pos_100/w_7175.jpg 1 0 0 100 100
data/train_pos_100/w_7182.jpg 1 0 0 100 100
data/train_pos_100/w_72.jpg 1 0 0 100 100
data/train_pos_100/w_7202.jpg 1 0 0 100 100
data/train_pos_100/w_7217.jpg 1 0 0 100 100
data/train_pos_100/w_722.jpg 1 0 0 100 100
data/train_pos_100/w_725.jpg 1 0 0 100 100
data/train_pos_100/w_7255.jpg 1 0 0 100 100
data/train_pos_100/w_7263.jpg 1 0 0 100 100
data/train_pos_100/w_7268.jpg 1 0 0 100 100
data/train_pos_100/w_7276.jpg 1 0 0 100 100
data/train_pos_100/w_7282.jpg 1 0 0 100 100
data/train_pos_100/w_7299.jpg 1 0 0 100 100
data/train_pos_100/w_73.jpg 1 0 0 100 100
data/train_pos_100/w_7319.jpg 1 0 0 100 100
data/train_pos_100/w_7366.jpg 1 0 0 100 100
data/train_pos_100/w_738.jpg 1 0 0 100 100
data/train_pos_100/w_7382.jpg 1 0 0 100 100
data/train_pos_100/w_7387.jpg 1 0 0 100 100
data/train_pos_100/w_74.jpg 1 0 0 100 100
data/train_pos_100/w_7400.jpg 1 0 0 100 100
data/train_pos_100/w_7405.jpg 1 0 0 100 100
data/train_pos_100/w_7409.jpg 1 0 0 100 100
data/train_pos_100/w_7412.jpg 1 0 0 100 100
data/train_pos_100/w_743.jpg 1 0 0 100 100
data/train_pos_100/w_7449.jpg 1 0 0 100 100
data/train_pos_100/w_7452.jpg 1 0 0 100 100
data/train_pos_100/w_7470.jpg 1 0 0 100 100
data/train_pos_100/w_7473.jpg 1 0 0 100 100
data/train_pos_100/w_7492.jpg 1 0 0 100 100
data/train_pos_100/w_75.jpg 1 0 0 100 100
data/train_pos_100/w_7520.jpg 1 0 0 100 100
data/train_pos_100/w_7530.jpg 1 0 0 100 100
data/train_pos_100/w_7561.jpg 1 0 0 100 100
data/train_pos_100/w_7563.jpg 1 0 0 100 100
data/train_pos_100/w_7579.jpg 1 0 0 100 100
data/train_pos_100/w_7596.jpg 1 0 0 100 100
data/train_pos_100/w_76.jpg 1 0 0 100 100
data/train_pos_100/w_7618.jpg 1 0 0 100 100
data/train_pos_100/w_7621.jpg 1 0 0 100 100
data/train_pos_100/w_7627.jpg 1 0 0 100 100
data/train_pos_100/w_7631.jpg 1 0 0 100 100
data/train_pos_100/w_7640.jpg 1 0 0 100 100
data/train_pos_100/w_765.jpg 1 0 0 100 100
data/train_pos_100/w_7671.jpg 1 0 0 100 100
data/train_pos_100/w_77.jpg 1 0 0 100 100
data/train_pos_100/w_7702.jpg 1 0 0 100 100
data/train_pos_100/w_7709.jpg 1 0 0 100 100
data/train_pos_100/w_78.jpg 1 0 0 100 100
data/train_pos_100/w_7810.jpg 1 0 0 100 100
data/train_pos_100/w_7812.jpg 1 0 0 100 100
data/train_pos_100/w_7827.jpg 1 0 0 100 100
data/train_pos_100/w_7830.jpg 1 0 0 100 100
data/train_pos_100/w_785.jpg 1 0 0 100 100
data/train_pos_100/w_79.jpg 1 0 0 100 100
data/train_pos_100/w_7904.jpg 1 0 0 100 100
data/train_pos_100/w_7909.jpg 1 0 0 100 100
data/train_pos_100/w_7910.jpg 1 0 0 100 100
data/train_pos_100/w_7923.jpg 1 0 0 100 100
data/train_pos_100/w_7941.jpg 1 0 0 100 100
data/train_pos_100/w_7950.jpg 1 0 0 100 100
data/train_pos_100/w_7963.jpg 1 0 0 100 100
data/train_pos_100/w_7975.jpg 1 0 0 100 100
data/train_pos_100/w_7980.jpg 1 0 0 100 100
data/train_pos_100/w_8.jpg 1 0 0 100 100
data/train_pos_100/w_80.jpg 1 0 0 100 100
data/train_pos_100/w_8022.jpg 1 0 0 100 100
data/train_pos_100/w_8032.jpg 1 0 0 100 100
data/train_pos_100/w_8074.jpg 1 0 0 100 100
data/train_pos_100/w_8078.jpg 1 0 0 100 100
data/train_pos_100/w_8087.jpg 1 0 0 100 100
data/train_pos_100/w_81.jpg 1 0 0 100 100
data/train_pos_100/w_815.jpg 1 0 0 100 100
data/train_pos_100/w_8153.jpg 1 0 0 100 100
data/train_pos_100/w_8164.jpg 1 0 0 100 100
data/train_pos_100/w_8196.jpg 1 0 0 100 100
data/train_pos_100/w_82.jpg 1 0 0 100 100
data/train_pos_100/w_8207.jpg 1 0 0 100 100
data/train_pos_100/w_821.jpg 1 0 0 100 100
data/train_pos_100/w_8230.jpg 1 0 0 100 100
data/train_pos_100/w_8233.jpg 1 0 0 100 100
data/train_pos_100/w_8255.jpg 1 0 0 100 100
data/train_pos_100/w_8257.jpg 1 0 0 100 100
data/train_pos_100/w_8267.jpg 1 0 0 100 100
data/train_pos_100/w_8276.jpg 1 0 0 100 100
data/train_pos_100/w_8287.jpg 1 0 0 100 100
data/train_pos_100/w_83.jpg 1 0 0 100 100
data/train_pos_100/w_8319.jpg 1 0 0 100 100
data/train_pos_100/w_8333.jpg 1 0 0 100 100
data/train_pos_100/w_8351.jpg 1 0 0 100 100
data/train_pos_100/w_8354.jpg 1 0 0 100 100
data/train_pos_100/w_8363.jpg 1 0 0 100 100
data/train_pos_100/w_8383.jpg 1 0 0 100 100
data/train_pos_100/w_84.jpg 1 0 0 100 100
data/train_pos_100/w_8408.jpg 1 0 0 100 100
data/train_pos_100/w_8439.jpg 1 0 0 100 100
data/train_pos_100/w_8485.jpg 1 0 0 100 100
data/train_pos_100/w_85.jpg 1 0 0 100 100
data/train_pos_100/w_8528.jpg 1 0 0 100 100
data/train_pos_100/w_8551.jpg 1 0 0 100 100
data/train_pos_100/w_856.jpg 1 0 0 100 100
data/train_pos_100/w_8592.jpg 1 0 0 100 100
data/train_pos_100/w_86.jpg 1 0 0 100 100
data/train_pos_100/w_8606.jpg 1 0 0 100 100
data/train_pos_100/w_861.jpg 1 0 0 100 100
data/train_pos_100/w_8613.jpg 1 0 0 100 100
data/train_pos_100/w_8619.jpg 1 0 0 100 100
data/train_pos_100/w_8639.jpg 1 0 0 100 100
data/train_pos_100/w_8647.jpg 1 0 0 100 100
data/train_pos_100/w_8676.jpg 1 0 0 100 100
data/train_pos_100/w_8691.jpg 1 0 0 100 100
data/train_pos_100/w_87.jpg 1 0 0 100 100
data/train_pos_100/w_872.jpg 1 0 0 100 100
data/train_pos_100/w_8728.jpg 1 0 0 100 100
data/train_pos_100/w_8762.jpg 1 0 0 100 100
data/train_pos_100/w_8766.jpg 1 0 0 100 100
data/train_pos_100/w_8768.jpg 1 0 0 100 100
data/train_pos_100/w_8770.jpg 1 0 0 100 100
data/train_pos_100/w_8774.jpg 1 0 0 100 100
data/train_pos_100/w_8790.jpg 1 0 0 100 100
data/train_pos_100/w_88.jpg 1 0 0 100 100
data/train_pos_100/w_8819.jpg 1 0 0 100 100
data/train_pos_100/w_8826.jpg 1 0 0 100 100
data/train_pos_100/w_8846.jpg 1 0 0 100 100
data/train_pos_100/w_887.jpg 1 0 0 100 100
data/train_pos_100/w_8886.jpg 1 0 0 100 100
data/train_pos_100/w_8893.jpg 1 0 0 100 100
data/train_pos_100/w_89.jpg 1 0 0 100 100
data/train_pos_100/w_8901.jpg 1 0 0 100 100
data/train_pos_100/w_8949.jpg 1 0 0 100 100
data/train_pos_100/w_8977.jpg 1 0 0 100 100
data/train_pos_100/w_8988.jpg 1 0 0 100 100
data/train_pos_100/w_8990.jpg 1 0 0 100 100
data/train_pos_100/w_8999.jpg 1 0 0 100 100
data/train_pos_100/w_9.jpg 1 0 0 100 100
data/train_pos_100/w_90.jpg 1 0 0 100 100
data/train_pos_100/w_9011.jpg 1 0 0 100 100
data/train_pos_100/w_9019.jpg 1 0 0 100 100
data/train_pos_100/w_9057.jpg 1 0 0 100 100
data/train_pos_100/w_9073.jpg 1 0 0 100 100
data/train_pos_100/w_9077.jpg 1 0 0 100 100
data/train_pos_100/w_9092.jpg 1 0 0 100 100
data/train_pos_100/w_91.jpg 1 0 0 100 100
data/train_pos_100/w_910.jpg 1 0 0 100 100
data/train_pos_100/w_9107.jpg 1 0 0 100 100
data/train_pos_100/w_919.jpg 1 0 0 100 100
data/train_pos_100/w_9194.jpg 1 0 0 100 100
data/train_pos_100/w_9197.jpg 1 0 0 100 100
data/train_pos_100/w_92.jpg 1 0 0 100 100
data/train_pos_100/w_9200.jpg 1 0 0 100 100
data/train_pos_100/w_9214.jpg 1 0 0 100 100
data/train_pos_100/w_9259.jpg 1 0 0 100 100
data/train_pos_100/w_9275.jpg 1 0 0 100 100
data/train_pos_100/w_9297.jpg 1 0 0 100 100
data/train_pos_100/w_93.jpg 1 0 0 100 100
data/train_pos_100/w_9313.jpg 1 0 0 100 100
data/train_pos_100/w_9320.jpg 1 0 0 100 100
data/train_pos_100/w_9326.jpg 1 0 0 100 100
data/train_pos_100/w_934.jpg 1 0 0 100 100
data/train_pos_100/w_935.jpg 1 0 0 100 100
data/train_pos_100/w_9358.jpg 1 0 0 100 100
data/train_pos_100/w_9365.jpg 1 0 0 100 100
data/train_pos_100/w_9373.jpg 1 0 0 100 100
data/train_pos_100/w_9379.jpg 1 0 0 100 100
data/train_pos_100/w_94.jpg 1 0 0 100 100
data/train_pos_100/w_9405.jpg 1 0 0 100 100
data/train_pos_100/w_941.jpg 1 0 0 100 100
data/train_pos_100/w_9433.jpg 1 0 0 100 100
data/train_pos_100/w_944.jpg 1 0 0 100 100
data/train_pos_100/w_9447.jpg 1 0 0 100 100
data/train_pos_100/w_9450.jpg 1 0 0 100 100
data/train_pos_100/w_9463.jpg 1 0 0 100 100
data/train_pos_100/w_95.jpg 1 0 0 100 100
data/train_pos_100/w_954.jpg 1 0 0 100 100
data/train_pos_100/w_96.jpg 1 0 0 100 100
data/train_pos_100/w_962.jpg 1 0 0 100 100
data/train_pos_100/w_966.jpg 1 0 0 100 100
data/train_pos_100/w_97.jpg 1 0 0 100 100
data/train_pos_100/w_98.jpg 1 0 0 100 100
data/train_pos_100/w_99.jpg 1 0 0 100 100
